[INFO][article.go:75]2023/03/12 00:24:09 [err.key: %s, err.message: %s state 状态只允许0或1]
[INFO][article.go:75]2023/03/12 00:24:09 [err.key: %s, err.message: %s tag_id 标签ID必须大于0]
[INFO][request.go:11]2023/03/12 22:28:11 [Username.Required. Username Can not be empty]
[INFO][request.go:11]2023/03/12 22:28:11 [Password.Required. Password Can not be empty]
[INFO][request.go:11]2023/03/12 22:28:27 [Username.Required. Username Can not be empty]
[INFO][request.go:11]2023/03/12 22:28:27 [Password.Required. Password Can not be empty]
[INFO][request.go:11]2023/03/12 22:29:07 [Username.Required. Username Can not be empty]
[INFO][request.go:11]2023/03/12 22:29:07 [Password.Required. Password Can not be empty]
[INFO][request.go:11]2023/03/12 22:30:02 [Username.Required. Username Can not be empty]
[INFO][request.go:11]2023/03/12 22:30:02 [Password.Required. Password Can not be empty]
[INFO][request.go:11]2023/03/12 22:31:02 [Username.Required. Username Can not be empty]
[INFO][request.go:11]2023/03/12 22:31:02 [Password.Required. Password Can not be empty]
[INFO][request.go:11]2023/03/12 22:32:31 [Username.Required. Username Can not be empty]
[INFO][request.go:11]2023/03/12 22:32:31 [Password.Required. Password Can not be empty]
[INFO][request.go:11]2023/03/12 22:33:37 [Username.Required. Username Can not be empty]
[INFO][request.go:11]2023/03/12 22:33:37 [Password.Required. Password Can not be empty]
[INFO][request.go:11]2023/03/12 22:34:14 [Username.Required. Username Can not be empty]
[INFO][request.go:11]2023/03/12 22:34:14 [Password.Required. Password Can not be empty]
[INFO][request.go:11]2023/03/12 22:34:55 [Username.Required. Username Can not be empty]
[INFO][request.go:11]2023/03/12 22:34:55 [Password.Required. Password Can not be empty]
[WARN][upload.go:22]2023/03/12 22:36:04 [request Content-Type isn't multipart/form-data]
[INFO][request.go:11]2023/03/12 22:40:35 [Username.Required. Username Can not be empty]
[INFO][request.go:11]2023/03/12 22:40:35 [Password.Required. Password Can not be empty]
[INFO][request.go:11]2023/03/12 22:41:04 [Username.Required. Username Can not be empty]
[INFO][request.go:11]2023/03/12 22:41:04 [Password.Required. Password Can not be empty]
[INFO][request.go:11]2023/03/12 22:41:24 [Username.Required. Username Can not be empty]
[INFO][request.go:11]2023/03/12 22:41:24 [Password.Required. Password Can not be empty]
[INFO][request.go:11]2023/03/12 22:41:52 [Username.Required. Username Can not be empty]
[INFO][request.go:11]2023/03/12 22:41:52 [Password.Required. Password Can not be empty]
[INFO][request.go:11]2023/03/12 22:41:57 [Username.Required. Username Can not be empty]
[INFO][request.go:11]2023/03/12 22:41:57 [Password.Required. Password Can not be empty]
[INFO][request.go:11]2023/03/12 22:42:04 [Username.Required. Username Can not be empty]
[INFO][request.go:11]2023/03/12 22:42:04 [Password.Required. Password Can not be empty]
[INFO][request.go:11]2023/03/12 22:43:34 [Username.Required. Username Can not be empty]
[INFO][request.go:11]2023/03/12 22:43:34 [Password.Required. Password Can not be empty]
[INFO][request.go:11]2023/03/12 22:44:38 [Username.Required. Username Can not be empty]
[INFO][request.go:11]2023/03/12 22:44:38 [Password.Required. Password Can not be empty]
[INFO][request.go:11]2023/03/12 22:45:37 [Username.Required. Username Can not be empty]
[INFO][request.go:11]2023/03/12 22:45:37 [Password.Required. Password Can not be empty]
[INFO][request.go:11]2023/03/12 22:45:47 [Username.Required. Username Can not be empty]
[INFO][request.go:11]2023/03/12 22:45:47 [Password.Required. Password Can not be empty]
